<?xml version="1.0" encoding="UTF-8"?>
<!-- Generated by org.testng.reporters.JUnitXMLReporter -->
<testsuite hostname="LP-PC0MQFYK" ignored="0" name="Test" tests="2" failures="1" timestamp="22 May 2018 14:30:25 GMT" time="0.062" errors="0">
  <testcase name="m" time="0.019" classname="com.seleniumdemo.TestDemo">
    <failure type="java.lang.AssertionError" message="expected [Avi] but found [Avi1]">
      <![CDATA[java.lang.AssertionError: expected [Avi] but found [Avi1]
	at com.seleniumdemo.TestDemo.m(TestDemo.java:12)
... Removed 35 stack frames]]>
    </failure>
  </testcase> <!-- m -->
  <testcase name="m1" time="0.0" classname="com.seleniumdemo.TestDemo"/>
</testsuite> <!-- Test -->
