<?xml version="1.0" encoding="UTF-8"?>
<testng-results skipped="0" failed="0" ignored="0" total="1" passed="1">
  <reporter-output>
  </reporter-output>
  <suite name="Default suite" duration-ms="16386" started-at="2018-06-05T09:46:54Z" finished-at="2018-06-05T09:47:10Z">
    <groups>
    </groups>
    <test name="Default test" duration-ms="16386" started-at="2018-06-05T09:46:54Z" finished-at="2018-06-05T09:47:10Z">
      <class name="SeleniumGrid.SELENIUM_GRID_05_06_2018">
        <test-method status="PASS" signature="GridTest()[pri:0, instance:SeleniumGrid.SELENIUM_GRID_05_06_2018@66a3ffec]" name="GridTest" duration-ms="16353" started-at="2018-06-05T15:16:54Z" finished-at="2018-06-05T15:17:10Z">
          <reporter-output>
          </reporter-output>
        </test-method> <!-- GridTest -->
      </class> <!-- SeleniumGrid.SELENIUM_GRID_05_06_2018 -->
    </test> <!-- Default test -->
  </suite> <!-- Default suite -->
</testng-results>
